<?xml version="1.0" encoding="UTF-8"?>
<!-- Generated by org.testng.reporters.JUnitXMLReporter -->
<testsuite ignored="0" hostname="TYSS-Deepak" failures="0" tests="3" name="Test-1" time="48.351" errors="0" timestamp="20 Jul 2023 10:30:50 GMT">
  <testcase classname="com.comcast.crm.orgtest.CreateOrganizationTest" name="createOrgTest" time="9.176"/>
  <testcase classname="com.comcast.crm.orgtest.CreateOrganizationTest" name="createOrgWithIndustriesTest" time="9.178"/>
  <testcase classname="com.comcast.crm.orgtest.CreateOrganizationTest" name="createOrgwithPhoneNumberTest" time="10.363"/>
</testsuite> <!-- Test-1 -->
