<?xml version="1.0" encoding="UTF-8"?>
<!-- Generated by org.testng.reporters.JUnitXMLReporter -->
<testsuite ignored="0" hostname="TYSS-Deepak" failures="0" tests="3" name="Test-2" time="63.374" errors="0" timestamp="20 Jul 2023 10:31:05 GMT">
  <testcase classname="com.comcast.crm.contacttest.CreateContactTest" name="createConTactTest" time="9.05"/>
  <testcase classname="com.comcast.crm.contacttest.CreateContactTest" name="createContactWithOrgTest" time="18.705"/>
  <testcase classname="com.comcast.crm.contacttest.CreateContactTest" name="createContactWithsupportDateTest" time="8.901"/>
</testsuite> <!-- Test-2 -->
