<?xml version="1.0" encoding="UTF-8"?>
<!-- Generated by org.testng.reporters.JUnitReportReporter -->
<testsuite hostname="TYSS-Deepak" failures="0" tests="3" name="practice.test.GetProductInfoTest" time="18.605" errors="0" timestamp="18 Jul 2023 12:02:59 GMT" skipped="0">
  <testcase classname="practice.test.GetProductInfoTest" name="getProductInfoTest" time="6.615"/>
  <testcase classname="practice.test.GetProductInfoTest" name="getProductInfoTest" time="5.698"/>
  <testcase classname="practice.test.GetProductInfoTest" name="getProductInfoTest" time="6.292"/>
</testsuite> <!-- practice.test.GetProductInfoTest -->
