<?xml version="1.0" encoding="UTF-8"?>
<!-- Generated by org.testng.reporters.JUnitReportReporter -->
<testsuite hostname="TYSS-Deepak" failures="0" tests="1" name="practice.test.InvoiceTest" time="0.009" errors="0" timestamp="22 Jul 2023 09:46:42 GMT" skipped="0">
  <testcase classname="practice.test.InvoiceTest" name="activateSim" time="0.009"/>
</testsuite> <!-- practice.test.InvoiceTest -->
