<?xml version="1.0" encoding="UTF-8"?>
<!-- Generated by org.testng.reporters.JUnitReportReporter -->
<testsuite hostname="DESKTOP-7QU5CGR" failures="0" tests="1" name="com.finsburry.scm.manufacturer.AddManufacturedAndChangePwdTest" time="11.532" errors="0" timestamp="31 May 2024 13:23:53 GMT" skipped="0">
  <testcase classname="com.finsburry.scm.manufacturer.AddManufacturedAndChangePwdTest" name="addmnaufac" time="11.532"/>
</testsuite> <!-- com.finsburry.scm.manufacturer.AddManufacturedAndChangePwdTest -->
