<?xml version="1.0" encoding="UTF-8"?>
<!-- Generated by org.testng.reporters.JUnitReportReporter -->
<testsuite hostname="DESKTOP-7QU5CGR" failures="0" tests="1" name="com.finsburry.scm.manufacturer.AddUnitAndDeleteTest" time="6.808" errors="0" timestamp="31 May 2024 12:58:56 GMT" skipped="0">
  <testcase classname="com.finsburry.scm.manufacturer.AddUnitAndDeleteTest" name="addUnitandDeletetest" time="6.808"/>
</testsuite> <!-- com.finsburry.scm.manufacturer.AddUnitAndDeleteTest -->
