<?xml version="1.0" encoding="UTF-8"?>
<!-- Generated by org.testng.reporters.JUnitReportReporter -->
<testsuite hostname="DESKTOP-7QU5CGR" failures="0" tests="1" name="com.comcast.crm.contacttest.SampleTest" time="3.189" errors="0" timestamp="29 May 2024 09:15:18 GMT" skipped="0">
  <testcase classname="com.comcast.crm.contacttest.SampleTest" name="createConTactTest" time="3.189"/>
</testsuite> <!-- com.comcast.crm.contacttest.SampleTest -->
