<?xml version="1.0" encoding="UTF-8"?>
<!-- Generated by org.testng.reporters.JUnitReportReporter -->
<testsuite hostname="DESKTOP-7QU5CGR" failures="0" tests="1" name="com.finsburry.scm.manufacturer.AddRetailertest" time="12.841" errors="0" timestamp="31 May 2024 04:47:36 GMT" skipped="0">
  <testcase classname="com.finsburry.scm.manufacturer.AddRetailertest" name="addretailer" time="12.841"/>
</testsuite> <!-- com.finsburry.scm.manufacturer.AddRetailertest -->
