<?xml version="1.0" encoding="UTF-8"?>
<!-- Generated by org.testng.reporters.JUnitReportReporter -->
<testsuite hostname="DESKTOP-7QU5CGR" failures="0" tests="2" name="com.finsburry.scm.manufacturer.AddManufacturertest" time="40.617" errors="0" timestamp="30 May 2024 15:07:41 GMT" skipped="0">
  <testcase classname="com.finsburry.scm.manufacturer.AddManufacturertest" name="addmanufacturer" time="32.363"/>
  <testcase classname="com.finsburry.scm.manufacturer.AddManufacturertest" name="loginasManufacturer" time="8.254"/>
</testsuite> <!-- com.finsburry.scm.manufacturer.AddManufacturertest -->
