<?xml version="1.0" encoding="UTF-8"?>
<!-- Generated by org.testng.reporters.JUnitReportReporter -->
<testsuite hostname="TYSS-Deepak" failures="0" tests="3" name="com.comcast.crm.orgtest.CreateOrganizationTest" time="48.899" errors="0" timestamp="28 May 2024 14:39:24 GMT" skipped="0">
  <testcase classname="com.comcast.crm.orgtest.CreateOrganizationTest" name="createOrgwithPhoneNumberTest" time="8.832"/>
  <testcase classname="com.comcast.crm.orgtest.CreateOrganizationTest" name="createOrgWithIndustriesTest" time="8.674"/>
  <testcase classname="com.comcast.crm.orgtest.CreateOrganizationTest" name="createOrgTest" time="31.393"/>
</testsuite> <!-- com.comcast.crm.orgtest.CreateOrganizationTest -->
