<?xml version="1.0" encoding="UTF-8"?>
<!-- Generated by org.testng.reporters.JUnitReportReporter -->
<testsuite hostname="DESKTOP-7QU5CGR" failures="0" tests="1" name="com.finsburry.scm.manufacturer.AddCategoryAndEditTest" time="7.464" errors="0" timestamp="31 May 2024 12:57:18 GMT" skipped="0">
  <testcase classname="com.finsburry.scm.manufacturer.AddCategoryAndEditTest" name="addcategory" time="7.464"/>
</testsuite> <!-- com.finsburry.scm.manufacturer.AddCategoryAndEditTest -->
